<?xml version="1.0" encoding="UTF-8"?>
<testsuite xmlns:xsi="http://www.w3.org/2001/XMLSchema-instance" xsi:noNamespaceSchemaLocation="https://maven.apache.org/surefire/maven-surefire-plugin/xsd/surefire-test-report-3.0.xsd" version="3.0" name="Perform the arithmetic operations" time="4.02" tests="1" errors="0" skipped="0" failures="0">
  <properties>
[...]
</properties>
  <testcase name="Do the arithmetic operations using soap wsdl" classname="Perform the arithmetic operations" time="4.02">
    <system-out><![CDATA[Add:11, Sub:1, Mul:4, Div:5
countryName:No country found by that name, Name:Country not found in the database
]]></system-out>
  </testcase>
</testsuite>